<!DOCTYPE html PUBLIC "-//W3C//DTD XHTML 1.1//EN" "https://www.w3.org/TR/xhtml11/DTD/xhtml11.dtd">
<html xmlns="https://www.w3.org/1999/xhtml">
<head>
<meta http-equiv="content-type" content="text/html; charset=UTF-8"/>
<title>TestNG Report</title>
<style type="text/css">table {margin-bottom:10px;border-collapse:collapse;empty-cells:show}th,td {border:1px solid #009;padding:.25em .5em}th {vertical-align:bottom}td {vertical-align:top}table a {font-weight:bold}.stripe td {background-color: #E6EBF9}.num {text-align:right}.passedodd td {background-color: #3F3}.passedeven td {background-color: #0A0}.skippedodd td {background-color: #DDD}.skippedeven td {background-color: #CCC}.failedodd td,.attn {background-color: #F33}.failedeven td,.stripe .attn {background-color: #D00}.stacktrace {white-space:pre;font-family:monospace}.totop {font-size:85%;text-align:center;border-bottom:2px solid #000}.invisible {display:none}</style>
</head>
<body>
<table>
<tr><th>Test</th><th># Passed</th><th># Skipped</th><th># Retried</th><th># Failed</th><th>Time (ms)</th><th>Included Groups</th><th>Excluded Groups</th></tr>
<tr><th colspan="8">Suite</th></tr>
<tr><td><a href="#t0">Test</a></td><td class="num">0</td><td class="num attn">16</td><td class="num">0</td><td class="num attn">1</td><td class="num">135</td><td></td><td></td></tr>
</table>
<table id='summary'><thead><tr><th>Class</th><th>Method</th><th>Start</th><th>Time (ms)</th></tr></thead><tbody><tr><th colspan="4">Suite</th></tr></tbody><tbody id="t0"><tr><th colspan="4">Test &#8212; failed (configuration methods)</th></tr><tr class="failedeven"><td rowspan="1">testng.TestNG_Multi_Browser</td><td><a href="#m0">setup</a></td><td rowspan="1">1662177312543</td><td rowspan="1">-1662177312543</td></tr><tr><th colspan="4">Test &#8212; failed</th></tr><tr class="failedeven"><td rowspan="1">testdata.Ebay</td><td><a href="#m1">Registerpage</a></td><td rowspan="1">1662177312669</td><td rowspan="1">0</td></tr><tr><th colspan="4">Test &#8212; skipped (configuration methods)</th></tr><tr class="skippedeven"><td rowspan="2">suite1.Flipkart</td><td><a href="#m2">init</a></td><td rowspan="1">1662177312626</td><td rowspan="1">-1662177312626</td></tr><tr class="skippedeven"><td><a href="#m3">quit</a></td><td rowspan="1">1662177312641</td><td rowspan="1">-1662177312641</td></tr><tr class="skippedodd"><td rowspan="2">suite2.Snapdeal</td><td><a href="#m4">init</a></td><td rowspan="1">1662177312648</td><td rowspan="1">-1662177312648</td></tr><tr class="skippedodd"><td><a href="#m5">quit</a></td><td rowspan="1">1662177312664</td><td rowspan="1">-1662177312664</td></tr><tr class="skippedeven"><td rowspan="1">testng.TestNG_Multi_Browser</td><td><a href="#m6">teardown</a></td><td rowspan="1">1662177312671</td><td rowspan="1">-1662177312671</td></tr><tr><th colspan="4">Test &#8212; skipped</th></tr><tr class="skippedeven"><td rowspan="4">suite1.Flipkart</td><td><a href="#m7">buyAndRemoveFromCart</a></td><td rowspan="1">1662177312628</td><td rowspan="1">0</td></tr><tr class="skippedeven"><td><a href="#m8">login</a></td><td rowspan="1">1662177312632</td><td rowspan="1">0</td></tr><tr class="skippedeven"><td><a href="#m9">logout</a></td><td rowspan="1">1662177312636</td><td rowspan="1">0</td></tr><tr class="skippedeven"><td><a href="#m10">searchAndSelectProduct</a></td><td rowspan="1">1662177312639</td><td rowspan="1">0</td></tr><tr class="skippedodd"><td rowspan="4">suite2.Snapdeal</td><td><a href="#m11">buyAndRemoveFromCart</a></td><td rowspan="1">1662177312650</td><td rowspan="1">0</td></tr><tr class="skippedodd"><td><a href="#m12">login</a></td><td rowspan="1">1662177312653</td><td rowspan="1">0</td></tr><tr class="skippedodd"><td><a href="#m13">logout</a></td><td rowspan="1">1662177312657</td><td rowspan="1">0</td></tr><tr class="skippedodd"><td><a href="#m14">searchAndSelectProduct</a></td><td rowspan="1">1662177312660</td><td rowspan="1">0</td></tr><tr class="skippedeven"><td rowspan="7">testng.TestNG_Groups</td><td><a href="#m15">Test1</a></td><td rowspan="1">1662177312582</td><td rowspan="1">0</td></tr><tr class="skippedeven"><td><a href="#m16">Test2</a></td><td rowspan="1">1662177312601</td><td rowspan="1">0</td></tr><tr class="skippedeven"><td><a href="#m17">Test3</a></td><td rowspan="1">1662177312605</td><td rowspan="1">0</td></tr><tr class="skippedeven"><td><a href="#m18">Test4</a></td><td rowspan="1">1662177312608</td><td rowspan="1">0</td></tr><tr class="skippedeven"><td><a href="#m19">Test5</a></td><td rowspan="1">1662177312612</td><td rowspan="1">0</td></tr><tr class="skippedeven"><td><a href="#m20">Test6</a></td><td rowspan="1">1662177312615</td><td rowspan="1">0</td></tr><tr class="skippedeven"><td><a href="#m21">Test7</a></td><td rowspan="1">1662177312620</td><td rowspan="1">0</td></tr><tr class="skippedodd"><td rowspan="1">testng.TestNG_Multi_Browser</td><td><a href="#m22">test1</a></td><td rowspan="1">1662177312644</td><td rowspan="1">0</td></tr></tbody>
</table>
<h2>Test</h2><h3 id="m0">testng.TestNG_Multi_Browser#setup</h3><table class="result"><tr><th>Exception</th></tr><tr><td><div class="stacktrace">org.testng.TestNGException: 
Parameter &apos;BrowserName&apos; is required by BeforeTest on method setup but has not been marked @Optional or defined
in F:\4429 seagate 1tb 3.5\1\TestNG_Concepts\testng.xml
... Removed 21 stack frames</div></td></tr></table><p class="totop"><a href="#summary">back to summary</a></p>
<h3 id="m1">testdata.Ebay#Registerpage</h3><table class="result"><tr><th>Exception</th></tr><tr><td><div class="stacktrace">org.testng.TestNGException: 
Cannot inject @Test annotated Method [Registerpage] with [class java.lang.String, class java.lang.String, class java.lang.String, class java.lang.String].
For more information on native dependency injection please refer to https://testng.org/doc/documentation-main.html#native-dependency-injection
	at java.base/java.util.ArrayList.forEach(ArrayList.java:1511)
... Removed 26 stack frames</div></td></tr></table><p class="totop"><a href="#summary">back to summary</a></p>
<h3 id="m2">suite1.Flipkart#init</h3><table class="result"><tr><th class="invisible"/></tr></table><p class="totop"><a href="#summary">back to summary</a></p>
<h3 id="m3">suite1.Flipkart#quit</h3><table class="result"><tr><th class="invisible"/></tr></table><p class="totop"><a href="#summary">back to summary</a></p>
<h3 id="m4">suite2.Snapdeal#init</h3><table class="result"><tr><th class="invisible"/></tr></table><p class="totop"><a href="#summary">back to summary</a></p>
<h3 id="m5">suite2.Snapdeal#quit</h3><table class="result"><tr><th class="invisible"/></tr></table><p class="totop"><a href="#summary">back to summary</a></p>
<h3 id="m6">testng.TestNG_Multi_Browser#teardown</h3><table class="result"><tr><th class="invisible"/></tr></table><p class="totop"><a href="#summary">back to summary</a></p>
<h3 id="m7">suite1.Flipkart#buyAndRemoveFromCart</h3><table class="result"><tr><th>Exception</th></tr><tr><td><div class="stacktrace">org.testng.TestNGException: 
Parameter &apos;BrowserName&apos; is required by BeforeTest on method setup but has not been marked @Optional or defined
in F:\4429 seagate 1tb 3.5\1\TestNG_Concepts\testng.xml
... Removed 21 stack frames</div></td></tr></table><p class="totop"><a href="#summary">back to summary</a></p>
<h3 id="m8">suite1.Flipkart#login</h3><table class="result"><tr><th>Exception</th></tr><tr><td><div class="stacktrace">org.testng.TestNGException: 
Parameter &apos;BrowserName&apos; is required by BeforeTest on method setup but has not been marked @Optional or defined
in F:\4429 seagate 1tb 3.5\1\TestNG_Concepts\testng.xml
... Removed 21 stack frames</div></td></tr></table><p class="totop"><a href="#summary">back to summary</a></p>
<h3 id="m9">suite1.Flipkart#logout</h3><table class="result"><tr><th>Exception</th></tr><tr><td><div class="stacktrace">org.testng.TestNGException: 
Parameter &apos;BrowserName&apos; is required by BeforeTest on method setup but has not been marked @Optional or defined
in F:\4429 seagate 1tb 3.5\1\TestNG_Concepts\testng.xml
... Removed 21 stack frames</div></td></tr></table><p class="totop"><a href="#summary">back to summary</a></p>
<h3 id="m10">suite1.Flipkart#searchAndSelectProduct</h3><table class="result"><tr><th>Exception</th></tr><tr><td><div class="stacktrace">org.testng.TestNGException: 
Parameter &apos;BrowserName&apos; is required by BeforeTest on method setup but has not been marked @Optional or defined
in F:\4429 seagate 1tb 3.5\1\TestNG_Concepts\testng.xml
... Removed 21 stack frames</div></td></tr></table><p class="totop"><a href="#summary">back to summary</a></p>
<h3 id="m11">suite2.Snapdeal#buyAndRemoveFromCart</h3><table class="result"><tr><th>Exception</th></tr><tr><td><div class="stacktrace">org.testng.TestNGException: 
Parameter &apos;BrowserName&apos; is required by BeforeTest on method setup but has not been marked @Optional or defined
in F:\4429 seagate 1tb 3.5\1\TestNG_Concepts\testng.xml
... Removed 21 stack frames</div></td></tr></table><p class="totop"><a href="#summary">back to summary</a></p>
<h3 id="m12">suite2.Snapdeal#login</h3><table class="result"><tr><th>Exception</th></tr><tr><td><div class="stacktrace">org.testng.TestNGException: 
Parameter &apos;BrowserName&apos; is required by BeforeTest on method setup but has not been marked @Optional or defined
in F:\4429 seagate 1tb 3.5\1\TestNG_Concepts\testng.xml
... Removed 21 stack frames</div></td></tr></table><p class="totop"><a href="#summary">back to summary</a></p>
<h3 id="m13">suite2.Snapdeal#logout</h3><table class="result"><tr><th>Exception</th></tr><tr><td><div class="stacktrace">org.testng.TestNGException: 
Parameter &apos;BrowserName&apos; is required by BeforeTest on method setup but has not been marked @Optional or defined
in F:\4429 seagate 1tb 3.5\1\TestNG_Concepts\testng.xml
... Removed 21 stack frames</div></td></tr></table><p class="totop"><a href="#summary">back to summary</a></p>
<h3 id="m14">suite2.Snapdeal#searchAndSelectProduct</h3><table class="result"><tr><th>Exception</th></tr><tr><td><div class="stacktrace">org.testng.TestNGException: 
Parameter &apos;BrowserName&apos; is required by BeforeTest on method setup but has not been marked @Optional or defined
in F:\4429 seagate 1tb 3.5\1\TestNG_Concepts\testng.xml
... Removed 21 stack frames</div></td></tr></table><p class="totop"><a href="#summary">back to summary</a></p>
<h3 id="m15">testng.TestNG_Groups#Test1</h3><table class="result"><tr><th>Exception</th></tr><tr><td><div class="stacktrace">org.testng.TestNGException: 
Parameter &apos;BrowserName&apos; is required by BeforeTest on method setup but has not been marked @Optional or defined
in F:\4429 seagate 1tb 3.5\1\TestNG_Concepts\testng.xml
... Removed 21 stack frames</div></td></tr></table><p class="totop"><a href="#summary">back to summary</a></p>
<h3 id="m16">testng.TestNG_Groups#Test2</h3><table class="result"><tr><th>Exception</th></tr><tr><td><div class="stacktrace">org.testng.TestNGException: 
Parameter &apos;BrowserName&apos; is required by BeforeTest on method setup but has not been marked @Optional or defined
in F:\4429 seagate 1tb 3.5\1\TestNG_Concepts\testng.xml
... Removed 21 stack frames</div></td></tr></table><p class="totop"><a href="#summary">back to summary</a></p>
<h3 id="m17">testng.TestNG_Groups#Test3</h3><table class="result"><tr><th>Exception</th></tr><tr><td><div class="stacktrace">org.testng.TestNGException: 
Parameter &apos;BrowserName&apos; is required by BeforeTest on method setup but has not been marked @Optional or defined
in F:\4429 seagate 1tb 3.5\1\TestNG_Concepts\testng.xml
... Removed 21 stack frames</div></td></tr></table><p class="totop"><a href="#summary">back to summary</a></p>
<h3 id="m18">testng.TestNG_Groups#Test4</h3><table class="result"><tr><th>Exception</th></tr><tr><td><div class="stacktrace">org.testng.TestNGException: 
Parameter &apos;BrowserName&apos; is required by BeforeTest on method setup but has not been marked @Optional or defined
in F:\4429 seagate 1tb 3.5\1\TestNG_Concepts\testng.xml
... Removed 21 stack frames</div></td></tr></table><p class="totop"><a href="#summary">back to summary</a></p>
<h3 id="m19">testng.TestNG_Groups#Test5</h3><table class="result"><tr><th>Exception</th></tr><tr><td><div class="stacktrace">org.testng.TestNGException: 
Parameter &apos;BrowserName&apos; is required by BeforeTest on method setup but has not been marked @Optional or defined
in F:\4429 seagate 1tb 3.5\1\TestNG_Concepts\testng.xml
... Removed 21 stack frames</div></td></tr></table><p class="totop"><a href="#summary">back to summary</a></p>
<h3 id="m20">testng.TestNG_Groups#Test6</h3><table class="result"><tr><th>Exception</th></tr><tr><td><div class="stacktrace">org.testng.TestNGException: 
Parameter &apos;BrowserName&apos; is required by BeforeTest on method setup but has not been marked @Optional or defined
in F:\4429 seagate 1tb 3.5\1\TestNG_Concepts\testng.xml
... Removed 21 stack frames</div></td></tr></table><p class="totop"><a href="#summary">back to summary</a></p>
<h3 id="m21">testng.TestNG_Groups#Test7</h3><table class="result"><tr><th>Exception</th></tr><tr><td><div class="stacktrace">org.testng.TestNGException: 
Parameter &apos;BrowserName&apos; is required by BeforeTest on method setup but has not been marked @Optional or defined
in F:\4429 seagate 1tb 3.5\1\TestNG_Concepts\testng.xml
... Removed 21 stack frames</div></td></tr></table><p class="totop"><a href="#summary">back to summary</a></p>
<h3 id="m22">testng.TestNG_Multi_Browser#test1</h3><table class="result"><tr><th>Exception</th></tr><tr><td><div class="stacktrace">org.testng.TestNGException: 
Parameter &apos;BrowserName&apos; is required by BeforeTest on method setup but has not been marked @Optional or defined
in F:\4429 seagate 1tb 3.5\1\TestNG_Concepts\testng.xml
... Removed 21 stack frames</div></td></tr></table><p class="totop"><a href="#summary">back to summary</a></p>
</body>
</html>
